<?xml version="1.0" encoding="UTF-8"?>
<!-- Generated by org.testng.reporters.JUnitReportReporter -->
<testsuite hostname="INMAA1-L0224" failures="0" tests="1" name="POST.RestAssuredPOST2" time="8.756" errors="0" timestamp="2021-08-11T19:34:28 IST" skipped="0">
  <testcase classname="POST.RestAssuredPOST2" name="RestAssuredPatch" time="8.756"/>
  <system-out/>
</testsuite> <!-- POST.RestAssuredPOST2 -->
