<?xml version="1.0" encoding="UTF-8"?>
<!-- Generated by org.testng.reporters.JUnitReportReporter -->
<testsuite hostname="INMAA1-L0224" failures="0" tests="1" name="DELETE.RestAssuredDelete2" time="10.302" errors="0" timestamp="2021-08-11T19:38:50 IST" skipped="0">
  <testcase classname="DELETE.RestAssuredDelete2" name="restAssuredDelete" time="10.302"/>
  <system-out/>
</testsuite> <!-- DELETE.RestAssuredDelete2 -->
