<?xml version="1.0" encoding="UTF-8"?>
<!-- Generated by org.testng.reporters.JUnitReportReporter -->
<testsuite hostname="INMAA1-L0224" failures="0" tests="1" name="POST.RestAssuredpost" time="4.102" errors="0" timestamp="2021-07-04T12:28:44 IST" skipped="0">
  <testcase classname="POST.RestAssuredpost" name="restAssuredpost" time="4.102"/>
  <system-out/>
</testsuite> <!-- POST.RestAssuredpost -->
