<?xml version="1.0" encoding="UTF-8"?>
<!-- Generated by org.testng.reporters.JUnitReportReporter -->
<testsuite hostname="INMAA1-L0224" failures="0" tests="2" name="RestAssuredsample" time="7.108" errors="0" timestamp="2021-09-03T19:58:46 IST" skipped="0">
  <testcase classname="RestAssuredsample" name="RestAssuredsample_01" time="3.575"/>
  <system-out/>
  <testcase classname="RestAssuredsample" name="RestAssuredsample_02" time="3.533"/>
  <system-out/>
</testsuite> <!-- RestAssuredsample -->
