<?xml version="1.0" encoding="UTF-8"?>
<!-- Generated by org.testng.reporters.JUnitReportReporter -->
<testsuite hostname="INMAA1-L0224" failures="0" tests="1" name="RestAssuredGet" time="3.159" errors="0" timestamp="2021-09-13T16:36:19 IST" skipped="0">
  <testcase classname="RestAssuredGet" name="restAssuredGet" time="3.159"/>
  <system-out/>
</testsuite> <!-- RestAssuredGet -->
