<?xml version="1.0" encoding="UTF-8"?>
<!-- Generated by org.testng.reporters.JUnitReportReporter -->
<testsuite hostname="INMAA1-L0224" failures="0" tests="1" name="DELETE.restAssuredDelete" time="7.482" errors="0" timestamp="2021-08-11T18:44:52 IST" skipped="0">
  <testcase classname="DELETE.restAssuredDelete" name="restAssureddel" time="7.482"/>
  <system-out/>
</testsuite> <!-- DELETE.restAssuredDelete -->
