<?xml version="1.0" encoding="UTF-8"?>
<!-- Generated by org.testng.reporters.JUnitReportReporter -->
<testsuite hostname="INMAA1-L0224" failures="0" tests="1" name="PUT.RestAssuredput" time="2.004" errors="0" timestamp="2021-09-03T19:57:47 IST" skipped="0">
  <testcase classname="PUT.RestAssuredput" name="restAssuredput" time="2.004"/>
  <system-out/>
</testsuite> <!-- PUT.RestAssuredput -->
